Array
(
    [periode_pembayaran] => triwulanan
    [start_date] => 2024-07-04
    [end_date] => 2024-07-04
)
Array
(
    [periode_pembayaran] => triwulanan
    [start_date] => 2024-07-04
    [end_date] => 2024-07-04
)
Array
(
    [periode_pembayaran] => bulanan
    [start_date] => 2024-07-04
    [end_date] => 2024-07-04
)
Array
(
    [periode_pembayaran] => bulanan
    [start_date] => 2024-07-04
    [end_date] => 2024-07-04
)
Array
(
    [periode_pembayaran] => bulanan
    [start_date] => 2024-07-04
    [end_date] => 2024-07-04
)
Array
(
    [periode_pembayaran] => bulanan
    [start_date] => 2024-07-04
    [end_date] => 2024-07-04
)
Array
(
    [periode_pembayaran] => bulanan
    [start_date] => 2024-07-04
    [end_date] => 2024-07-04
)
Array
(
    [periode_pembayaran] => tahunan
    [start_date] => 2024-07-04
    [end_date] => 2024-07-04
)
Array
(
    [periode_pembayaran] => tahunan
    [start_date] => 2024-07-04
    [end_date] => 2024-07-04
)
Array
(
    [periode_pembayaran] => tahunan
    [start_date] => 2024-07-04
    [end_date] => 2024-07-04
)
Array
(
    [periode_pembayaran] => tahunan
    [start_date] => 2024-07-04
    [end_date] => 2024-07-04
)
Array
(
    [periode_pembayaran] => tahunan
    [start_date] => 2024-07-04
    [end_date] => 2024-07-04
)
Array
(
    [periode_pembayaran] => tahunan
    [start_date] => 2024-07-04
    [end_date] => 2024-07-04
)
Array
(
    [periode_pembayaran] => bulanan
    [start_date] => 2024-07-04
    [end_date] => 2024-07-04
)
Array
(
    [periode_pembayaran] => tahunan
    [start_date] => 2024-07-04
    [end_date] => 2024-07-04
)
Array
(
    [periode_pembayaran] => tahunan
    [start_date] => 2024-07-04
    [end_date] => 2024-07-04
)
Array
(
    [periode_pembayaran] => bulanan
    [start_date] => 2024-07-04
    [end_date] => 2024-07-04
)
Array
(
    [periode_pembayaran] => bulanan
    [start_date] => 2024-07-04
    [end_date] => 2024-07-04
)
Array
(
    [periode_pembayaran] => bulanan
    [start_date] => 2024-07-04
    [end_date] => 2024-07-04
)
Array
(
    [periode_pembayaran] => bulanan
    [start_date] => 2024-07-04
    [end_date] => 2024-07-04
)
Array
(
    [periode_pembayaran] => bulanan
    [start_date] => 2024-07-04
    [end_date] => 2024-07-04
)
Array
(
    [periode_pembayaran] => bulanan
    [start_date] => 2024-07-04
    [end_date] => 2024-07-04
)
Array
(
    [periode_pembayaran] => bulanan
    [start_date] => 2024-07-04
    [end_date] => 2024-07-04
)
Array
(
    [periode_pembayaran] => triwulanan
    [start_date] => 2024-07-04
    [end_date] => 2024-07-04
)
Array
(
    [periode_pembayaran] => triwulanan
    [start_date] => 2024-07-04
    [end_date] => 2024-07-04
)
Array
(
    [periode_pembayaran] => bulanan
    [start_date] => 2024-07-04
    [end_date] => 2024-07-04
)
Array
(
    [periode_pembayaran] => bulanan
    [start_date] => 2024-07-04
    [end_date] => 2024-07-04
)
Array
(
    [periode_pembayaran] => bulanan
    [start_date] => 2024-07-04
    [end_date] => 2024-07-04
)
Array
(
    [periode_pembayaran] => bulanan
    [start_date] => 2024-07-04
    [end_date] => 2024-07-04
)
Array
(
    [periode_pembayaran] => bulanan
    [start_date] => 2024-07-04
    [end_date] => 2024-07-04
)
Array
(
    [periode_pembayaran] => bulanan
    [start_date] => 2024-07-04
    [end_date] => 2024-07-04
)
Array
(
    [periode_pembayaran] => bulanan
    [start_date] => 2024-07-04
    [end_date] => 2024-07-04
)
Array
(
    [periode_pembayaran] => bulanan
    [start_date] => 2024-07-04
    [end_date] => 2024-07-04
)
Array
(
    [periode_pembayaran] => bulanan
    [start_date] => 2024-07-04
    [end_date] => 2024-07-04
)
Array
(
    [periode_pembayaran] => bulanan
    [start_date] => 2024-07-04
    [end_date] => 2024-07-04
)
Array
(
    [periode_pembayaran] => bulanan
    [start_date] => 2024-07-04
    [end_date] => 2024-07-04
)
Array
(
    [periode_pembayaran] => bulanan
    [start_date] => 2024-07-04
    [end_date] => 2024-07-04
)
Array
(
    [periode_pembayaran] => bulanan
    [start_date] => 2024-07-04
    [end_date] => 2024-07-04
)
Array
(
    [periode_pembayaran] => bulanan
    [start_date] => 2024-07-04
    [end_date] => 2024-07-04
)
Array
(
    [periode_pembayaran] => bulanan
    [start_date] => 2024-07-04
    [end_date] => 2024-07-04
)
Array
(
    [periode_pembayaran] => bulanan
    [start_date] => 2024-07-04
    [end_date] => 2024-07-04
)
Array
(
    [periode_pembayaran] => bulanan
    [start_date] => 2024-07-04
    [end_date] => 2024-07-04
)
Array
(
    [periode_pembayaran] => bulanan
    [start_date] => 2024-07-04
    [end_date] => 2024-07-04
)
Array
(
    [periode_pembayaran] => bulanan
    [start_date] => 2024-07-04
    [end_date] => 2024-07-04
)
Array
(
    [periode_pembayaran] => bulanan
    [start_date] => 2024-07-04
    [end_date] => 2024-07-04
)
Array
(
    [periode_pembayaran] => bulanan
    [start_date] => 2024-07-04
    [end_date] => 2024-07-04
)
Array
(
    [periode_pembayaran] => bulanan
    [start_date] => 2024-07-04
    [end_date] => 2024-07-04
)
Array
(
    [periode_pembayaran] => bulanan
    [start_date] => 2024-07-04
    [end_date] => 2024-07-04
)
Array
(
    [periode_pembayaran] => bulanan
    [start_date] => 2024-07-04
    [end_date] => 2024-07-04
)
Array
(
    [periode_pembayaran] => bulanan
    [start_date] => 2024-07-04
    [end_date] => 2024-07-04
)
Array
(
    [periode_pembayaran] => bulanan
    [start_date] => 2024-07-04
    [end_date] => 2024-07-04
)
Array
(
    [periode_pembayaran] => bulanan
    [start_date] => 2024-07-04
    [end_date] => 2024-07-04
)
Array
(
    [periode_pembayaran] => bulanan
    [start_date] => 2024-07-04
    [end_date] => 2024-07-04
)
Array
(
    [periode_pembayaran] => bulanan
    [start_date] => 2024-07-04
    [end_date] => 2024-07-04
)
Array
(
    [periode_pembayaran] => bulanan
    [start_date] => 2024-07-04
    [end_date] => 2024-07-04
)
Array
(
    [periode_pembayaran] => bulanan
    [start_date] => 2024-07-04
    [end_date] => 2024-07-04
)
Array
(
    [periode_pembayaran] => bulanan
    [start_date] => 2024-07-04
    [end_date] => 2024-07-04
)
Array
(
    [periode_pembayaran] => bulanan
    [start_date] => 2024-07-04
    [end_date] => 2024-07-04
)
Array
(
    [periode_pembayaran] => bulanan
    [start_date] => 2024-07-04
    [end_date] => 2024-07-04
)
Array
(
    [periode_pembayaran] => bulanan
    [start_date] => 2024-07-04
    [end_date] => 2024-07-04
)
Array
(
    [periode_pembayaran] => bulanan
    [start_date] => 2024-07-04
    [end_date] => 2024-07-04
)
Array
(
    [periode_pembayaran] => bulanan
    [start_date] => 2024-07-04
    [end_date] => 2024-07-04
)
Array
(
    [periode_pembayaran] => bulanan
    [start_date] => 2024-07-04
    [end_date] => 2024-07-04
)
Array
(
    [periode_pembayaran] => triwulanan
    [start_date] => 2024-07-04
    [end_date] => 2024-07-04
)
Array
(
    [periode_pembayaran] => bulanan
    [start_date] => 2024-07-04
    [end_date] => 2024-07-04
)
Array
(
    [periode_pembayaran] => triwulanan
    [start_date] => 2024-07-04
    [end_date] => 2024-07-04
)
Array
(
    [periode_pembayaran] => bulanan
    [start_date] => 2024-07-04
    [end_date] => 2024-07-04
)
Array
(
    [periode_pembayaran] => bulanan
    [start_date] => 2024-07-04
    [end_date] => 2024-07-04
)
